Using pre-set license
Built from '2021.3/staging' branch; Version is '2021.3.4f1 (cb45f9cae8b7) revision 13321721'; Using compiler version '192829333'; Build Type 'Release'
OS: 'Windows 10  (10.0.19044) 64bit CoreSingleLanguage' Language: 'en' Physical Memory: 14188 MB
BatchMode: 1, IsHumanControllingUs: 0, StartBugReporterOnCrash: 0, Is64bit: 1, IsPro: 1

COMMAND LINE ARGUMENTS:
C:\Program Files\Unity\Hub\Editor\2021.3.4f1\Editor\Unity.exe
-adb2
-batchMode
-noUpm
-name
AssetImportWorker6
-projectPath
C:/Users/Dimbay/Unity Project/Delivery Madness
-logFile
Logs/AssetImportWorker6.log
-srvPort
52939
Successfully changed project path to: C:/Users/Dimbay/Unity Project/Delivery Madness
C:/Users/Dimbay/Unity Project/Delivery Madness
[UnityMemory] Configuration Parameters - Can be set up in boot.config
    "memorysetup-bucket-allocator-granularity=16"
    "memorysetup-bucket-allocator-bucket-count=8"
    "memorysetup-bucket-allocator-block-size=33554432"
    "memorysetup-bucket-allocator-block-count=8"
    "memorysetup-main-allocator-block-size=16777216"
    "memorysetup-thread-allocator-block-size=16777216"
    "memorysetup-gfx-main-allocator-block-size=16777216"
    "memorysetup-gfx-thread-allocator-block-size=16777216"
    "memorysetup-cache-allocator-block-size=4194304"
    "memorysetup-typetree-allocator-block-size=2097152"
    "memorysetup-profiler-bucket-allocator-granularity=16"
    "memorysetup-profiler-bucket-allocator-bucket-count=8"
    "memorysetup-profiler-bucket-allocator-block-size=33554432"
    "memorysetup-profiler-bucket-allocator-block-count=8"
    "memorysetup-profiler-allocator-block-size=16777216"
    "memorysetup-profiler-editor-allocator-block-size=1048576"
    "memorysetup-temp-allocator-size-main=16777216"
    "memorysetup-job-temp-allocator-block-size=2097152"
    "memorysetup-job-temp-allocator-block-size-background=1048576"
    "memorysetup-job-temp-allocator-reduction-small-platforms=262144"
    "memorysetup-temp-allocator-size-background-worker=32768"
    "memorysetup-temp-allocator-size-job-worker=262144"
    "memorysetup-temp-allocator-size-preload-manager=33554432"
    "memorysetup-temp-allocator-size-nav-mesh-worker=65536"
    "memorysetup-temp-allocator-size-audio-worker=65536"
    "memorysetup-temp-allocator-size-cloud-worker=32768"
    "memorysetup-temp-allocator-size-gi-baking-worker=262144"
    "memorysetup-temp-allocator-size-gfx=262144"
Refreshing native plugins compatible for Editor in 95.93 ms, found 4 plugins.
Preloading 0 native plugins for Editor in 0.00 ms.
Initialize engine version: 2021.3.4f1 (cb45f9cae8b7)
[Subsystems] Discovering subsystems at path C:/Program Files/Unity/Hub/Editor/2021.3.4f1/Editor/Data/Resources/UnitySubsystems
[Subsystems] Discovering subsystems at path C:/Users/Dimbay/Unity Project/Delivery Madness/Assets
GfxDevice: creating device client; threaded=0; jobified=0
Direct3D:
    Version:  Direct3D 11.0 [level 11.1]
    Renderer: NVIDIA GeForce RTX 3060 Laptop GPU (ID=0x2560)
    Vendor:   NVIDIA
    VRAM:     6023 MB
    Driver:   30.0.15.1215
Initialize mono
Mono path[0] = 'C:/Program Files/Unity/Hub/Editor/2021.3.4f1/Editor/Data/Managed'
Mono path[1] = 'C:/Program Files/Unity/Hub/Editor/2021.3.4f1/Editor/Data/MonoBleedingEdge/lib/mono/unityjit-win32'
Mono config path = 'C:/Program Files/Unity/Hub/Editor/2021.3.4f1/Editor/Data/MonoBleedingEdge/etc'
Using monoOptions --debugger-agent=transport=dt_socket,embedding=1,server=y,suspend=n,address=127.0.0.1:56812
Begin MonoManager ReloadAssembly
Registering precompiled unity dll's ...
Register platform support module: C:/Program Files/Unity/Hub/Editor/2021.3.4f1/Editor/Data/PlaybackEngines/WebGLSupport/UnityEditor.WebGL.Extensions.dll
Register platform support module: C:/Program Files/Unity/Hub/Editor/2021.3.4f1/Editor/Data/PlaybackEngines/WindowsStandaloneSupport/UnityEditor.WindowsStandalone.Extensions.dll
Registered in 0.007278 seconds.
Native extension for WindowsStandalone target not found
Native extension for WebGL target not found
Refreshing native plugins compatible for Editor in 80.46 ms, found 4 plugins.
Preloading 0 native plugins for Editor in 0.00 ms.
Mono: successfully reloaded assembly
- Completed reload, in  0.522 seconds
Domain Reload Profiling:
	ReloadAssembly (523ms)
		BeginReloadAssembly (58ms)
			ExecutionOrderSort (0ms)
			DisableScriptedObjects (0ms)
			BackupInstance (0ms)
			ReleaseScriptingObjects (0ms)
			CreateAndSetChildDomain (1ms)
		EndReloadAssembly (375ms)
			LoadAssemblies (56ms)
			RebuildTransferFunctionScriptingTraits (0ms)
			SetupTypeCache (75ms)
			ReleaseScriptCaches (0ms)
			RebuildScriptCaches (20ms)
			SetupLoadedEditorAssemblies (237ms)
				LogAssemblyErrors (0ms)
				InitializePlatformSupportModulesInManaged (8ms)
				SetLoadedEditorAssemblies (0ms)
				RefreshPlugins (81ms)
				BeforeProcessingInitializeOnLoad (2ms)
				ProcessInitializeOnLoadAttributes (106ms)
				ProcessInitializeOnLoadMethodAttributes (41ms)
				AfterProcessingInitializeOnLoad (0ms)
				EditorAssembliesLoaded (0ms)
			ExecutionOrderSort2 (0ms)
			AwakeInstancesAfterBackupRestoration (0ms)
Platform modules already initialized, skipping
Registering precompiled user dll's ...
Registered in 0.006623 seconds.
Begin MonoManager ReloadAssembly
Symbol file LoadedFromMemory doesn't match image C:\Users\Dimbay\Unity Project\Delivery Madness\Library\PackageCache\com.unity.visualscripting@1.7.8\Editor\VisualScripting.Core\Dependencies\YamlDotNet\Unity.VisualScripting.YamlDotNet.dll
Symbol file LoadedFromMemory doesn't match image C:\Users\Dimbay\Unity Project\Delivery Madness\Library\PackageCache\com.unity.visualscripting@1.7.8\Editor\VisualScripting.Core\Dependencies\DotNetZip\Unity.VisualScripting.IonicZip.dll
Native extension for WindowsStandalone target not found
Native extension for WebGL target not found
Refreshing native plugins compatible for Editor in 77.40 ms, found 4 plugins.
Preloading 0 native plugins for Editor in 0.00 ms.
Mono: successfully reloaded assembly
- Completed reload, in  0.927 seconds
Domain Reload Profiling:
	ReloadAssembly (928ms)
		BeginReloadAssembly (90ms)
			ExecutionOrderSort (0ms)
			DisableScriptedObjects (5ms)
			BackupInstance (0ms)
			ReleaseScriptingObjects (0ms)
			CreateAndSetChildDomain (18ms)
		EndReloadAssembly (741ms)
			LoadAssemblies (65ms)
			RebuildTransferFunctionScriptingTraits (0ms)
			SetupTypeCache (187ms)
			ReleaseScriptCaches (1ms)
			RebuildScriptCaches (41ms)
			SetupLoadedEditorAssemblies (405ms)
				LogAssemblyErrors (0ms)
				InitializePlatformSupportModulesInManaged (5ms)
				SetLoadedEditorAssemblies (0ms)
				RefreshPlugins (77ms)
				BeforeProcessingInitializeOnLoad (92ms)
				ProcessInitializeOnLoadAttributes (188ms)
				ProcessInitializeOnLoadMethodAttributes (34ms)
				AfterProcessingInitializeOnLoad (7ms)
				EditorAssembliesLoaded (0ms)
			ExecutionOrderSort2 (0ms)
			AwakeInstancesAfterBackupRestoration (7ms)
Platform modules already initialized, skipping
========================================================================
Worker process is ready to serve import requests
Launched and connected shader compiler UnityShaderCompiler.exe after 0.04 seconds
Refreshing native plugins compatible for Editor in 0.76 ms, found 4 plugins.
Preloading 0 native plugins for Editor in 0.00 ms.
Unloading 4058 Unused Serialized files (Serialized files now loaded: 0)
Unloading 44 unused Assets / (222.8 KB). Loaded Objects now: 4507.
Memory consumption went from 150.9 MB to 150.7 MB.
Total: 3.146100 ms (FindLiveObjects: 0.265600 ms CreateObjectMapping: 0.099000 ms MarkObjects: 2.642900 ms  DeleteObjects: 0.138000 ms)

AssetImportParameters requested are different than current active one (requested -> active):
  custom:video-decoder-ogg-theora: a1e56fd34408186e4bbccfd4996cb3dc -> 
  custom:container-muxer-webm: aa71ff27fc2769a1b78a27578f13a17b -> 
  custom:container-demuxer-webm: 4f35f7cbe854078d1ac9338744f61a02 -> 
  custom:video-encoder-webm-vp8: eb34c28f22e8b96e1ab97ce403110664 -> 
  custom:video-codec-MediaFoundation-h265: 746d11721c4dcdbdad8f713fa42b33f4 -> 
  custom:audio-encoder-webm-vorbis: bf7c407c2cedff20999df2af8eb42d56 -> 
  custom:framework-win-MediaFoundation: 216162199b28c13a410421893ffa2e32 -> 
  custom:container-demuxer-ogg: 62fdf1f143b41e24485cea50d1cbac27 -> 
  custom:video-decoder-webm-vp8: 9c59270c3fd7afecdb556c50c9e8de78 -> 
  custom:audio-decoder-ogg-vorbis: bf7c407c2cedff20999df2af8eb42d56 -> 
========================================================================
Received Import Request.
  Time since last request: 86012.777044 seconds.
  path: Assets/Delivery Driver Assets/Tree 1.png
  artifactKey: Guid(e48a51762c89b1e43bb37378436f91ae) Importer(815301076,1909f56bfc062723c751e8b465ee728b)
Start importing Assets/Delivery Driver Assets/Tree 1.png using Guid(e48a51762c89b1e43bb37378436f91ae) Importer(815301076,1909f56bfc062723c751e8b465ee728b)  -> (artifact id: 'dd296cf012b7b1730fb44e38f3945207') in 0.084932 seconds 
========================================================================
Received Import Request.
  Time since last request: 0.000020 seconds.
  path: Assets/Delivery Driver Assets/Tree 3.png
  artifactKey: Guid(61f8f1baa0b1c264498e7e4992b41078) Importer(815301076,1909f56bfc062723c751e8b465ee728b)
Start importing Assets/Delivery Driver Assets/Tree 3.png using Guid(61f8f1baa0b1c264498e7e4992b41078) Importer(815301076,1909f56bfc062723c751e8b465ee728b)  -> (artifact id: 'cd4e2cc05a22f0771a1d8b265ef17807') in 0.023571 seconds 
========================================================================
Received Import Request.
  Time since last request: 99.380190 seconds.
  path: Assets/Delivery Driver Assets/Bridge.png
  artifactKey: Guid(011a33423a4de9242b7d268784031bf8) Importer(815301076,1909f56bfc062723c751e8b465ee728b)
Start importing Assets/Delivery Driver Assets/Bridge.png using Guid(011a33423a4de9242b7d268784031bf8) Importer(815301076,1909f56bfc062723c751e8b465ee728b)  -> (artifact id: 'b0d9fab2765bbdb259450939cc42f552') in 0.127231 seconds 
========================================================================
Received Import Request.
  Time since last request: 0.000030 seconds.
  path: Assets/Delivery Driver Assets/Road 4.png
  artifactKey: Guid(8fa1c1575c22fa94eb26debef2253ccb) Importer(815301076,1909f56bfc062723c751e8b465ee728b)
Start importing Assets/Delivery Driver Assets/Road 4.png using Guid(8fa1c1575c22fa94eb26debef2253ccb) Importer(815301076,1909f56bfc062723c751e8b465ee728b)  -> (artifact id: 'cdb4d2c3001a63961c80f55f5e23f4f7') in 0.052940 seconds 
========================================================================
Received Import Request.
  Time since last request: 0.000030 seconds.
  path: Assets/Delivery Driver Assets/Intersection 1.png
  artifactKey: Guid(8cb5af7ef9335fb49a76ad88ef08a95e) Importer(815301076,1909f56bfc062723c751e8b465ee728b)
Start importing Assets/Delivery Driver Assets/Intersection 1.png using Guid(8cb5af7ef9335fb49a76ad88ef08a95e) Importer(815301076,1909f56bfc062723c751e8b465ee728b)  -> (artifact id: '9e0d898e23b4bd62c5df5cd3b4b08656') in 0.124187 seconds 
========================================================================
Received Import Request.
  Time since last request: 0.000025 seconds.
  path: Assets/Delivery Driver Assets/Road 3.png
  artifactKey: Guid(1cf2c2a0b9777d745946acca2dbd70f3) Importer(815301076,1909f56bfc062723c751e8b465ee728b)
Start importing Assets/Delivery Driver Assets/Road 3.png using Guid(1cf2c2a0b9777d745946acca2dbd70f3) Importer(815301076,1909f56bfc062723c751e8b465ee728b)  -> (artifact id: 'a486af3ff3dc522dfae9281a08719a73') in 0.061465 seconds 
========================================================================
Received Import Request.
  Time since last request: 0.000029 seconds.
  path: Assets/Delivery Driver Assets/Road 2.png
  artifactKey: Guid(249d98b6e7a40e242bf3c0be0757b42d) Importer(815301076,1909f56bfc062723c751e8b465ee728b)
Start importing Assets/Delivery Driver Assets/Road 2.png using Guid(249d98b6e7a40e242bf3c0be0757b42d) Importer(815301076,1909f56bfc062723c751e8b465ee728b)  -> (artifact id: '5bd25cd0f885f212035dfd6197d8461d') in 0.033950 seconds 
========================================================================
Received Import Request.
  Time since last request: 0.000024 seconds.
  path: Assets/Delivery Driver Assets/Road 1.png
  artifactKey: Guid(0c9e3ec2de30a6143abc5c8f6ccca8cf) Importer(815301076,1909f56bfc062723c751e8b465ee728b)
Start importing Assets/Delivery Driver Assets/Road 1.png using Guid(0c9e3ec2de30a6143abc5c8f6ccca8cf) Importer(815301076,1909f56bfc062723c751e8b465ee728b)  -> (artifact id: '0b4d94bbf9abe62e39afd2e13995050c') in 0.021916 seconds 
========================================================================
Received Import Request.
  Time since last request: 0.000026 seconds.
  path: Assets/Delivery Driver Assets/Curve 2.png
  artifactKey: Guid(8e2f77ddd9a564448ac96561decfd9ae) Importer(815301076,1909f56bfc062723c751e8b465ee728b)
Start importing Assets/Delivery Driver Assets/Curve 2.png using Guid(8e2f77ddd9a564448ac96561decfd9ae) Importer(815301076,1909f56bfc062723c751e8b465ee728b)  -> (artifact id: '678d00beba4ffc69b71a974ebdfe188a') in 0.096366 seconds 
Editor requested this worker to shutdown with reason: Scaling down because of idle timeout
AssetImportWorker is now disconnected from the server
Process exiting
Exiting without the bug reporter. Application will terminate with return code 0