Using pre-set license
Built from '2021.3/staging' branch; Version is '2021.3.4f1 (cb45f9cae8b7) revision 13321721'; Using compiler version '192829333'; Build Type 'Release'
OS: 'Windows 10  (10.0.19044) 64bit CoreSingleLanguage' Language: 'en' Physical Memory: 14188 MB
BatchMode: 1, IsHumanControllingUs: 0, StartBugReporterOnCrash: 0, Is64bit: 1, IsPro: 1

COMMAND LINE ARGUMENTS:
C:\Program Files\Unity\Hub\Editor\2021.3.4f1\Editor\Unity.exe
-adb2
-batchMode
-noUpm
-name
AssetImportWorker3
-projectPath
C:/Users/Dimbay/Unity Project/Delivery Madness
-logFile
Logs/AssetImportWorker3.log
-srvPort
52939
Successfully changed project path to: C:/Users/Dimbay/Unity Project/Delivery Madness
C:/Users/Dimbay/Unity Project/Delivery Madness
[UnityMemory] Configuration Parameters - Can be set up in boot.config
    "memorysetup-bucket-allocator-granularity=16"
    "memorysetup-bucket-allocator-bucket-count=8"
    "memorysetup-bucket-allocator-block-size=33554432"
    "memorysetup-bucket-allocator-block-count=8"
    "memorysetup-main-allocator-block-size=16777216"
    "memorysetup-thread-allocator-block-size=16777216"
    "memorysetup-gfx-main-allocator-block-size=16777216"
    "memorysetup-gfx-thread-allocator-block-size=16777216"
    "memorysetup-cache-allocator-block-size=4194304"
    "memorysetup-typetree-allocator-block-size=2097152"
    "memorysetup-profiler-bucket-allocator-granularity=16"
    "memorysetup-profiler-bucket-allocator-bucket-count=8"
    "memorysetup-profiler-bucket-allocator-block-size=33554432"
    "memorysetup-profiler-bucket-allocator-block-count=8"
    "memorysetup-profiler-allocator-block-size=16777216"
    "memorysetup-profiler-editor-allocator-block-size=1048576"
    "memorysetup-temp-allocator-size-main=16777216"
    "memorysetup-job-temp-allocator-block-size=2097152"
    "memorysetup-job-temp-allocator-block-size-background=1048576"
    "memorysetup-job-temp-allocator-reduction-small-platforms=262144"
    "memorysetup-temp-allocator-size-background-worker=32768"
    "memorysetup-temp-allocator-size-job-worker=262144"
    "memorysetup-temp-allocator-size-preload-manager=33554432"
    "memorysetup-temp-allocator-size-nav-mesh-worker=65536"
    "memorysetup-temp-allocator-size-audio-worker=65536"
    "memorysetup-temp-allocator-size-cloud-worker=32768"
    "memorysetup-temp-allocator-size-gi-baking-worker=262144"
    "memorysetup-temp-allocator-size-gfx=262144"
Refreshing native plugins compatible for Editor in 108.97 ms, found 4 plugins.
Preloading 0 native plugins for Editor in 0.00 ms.
Initialize engine version: 2021.3.4f1 (cb45f9cae8b7)
[Subsystems] Discovering subsystems at path C:/Program Files/Unity/Hub/Editor/2021.3.4f1/Editor/Data/Resources/UnitySubsystems
[Subsystems] Discovering subsystems at path C:/Users/Dimbay/Unity Project/Delivery Madness/Assets
GfxDevice: creating device client; threaded=0; jobified=0
Direct3D:
    Version:  Direct3D 11.0 [level 11.1]
    Renderer: NVIDIA GeForce RTX 3060 Laptop GPU (ID=0x2560)
    Vendor:   NVIDIA
    VRAM:     6023 MB
    Driver:   30.0.15.1215
Initialize mono
Mono path[0] = 'C:/Program Files/Unity/Hub/Editor/2021.3.4f1/Editor/Data/Managed'
Mono path[1] = 'C:/Program Files/Unity/Hub/Editor/2021.3.4f1/Editor/Data/MonoBleedingEdge/lib/mono/unityjit-win32'
Mono config path = 'C:/Program Files/Unity/Hub/Editor/2021.3.4f1/Editor/Data/MonoBleedingEdge/etc'
Using monoOptions --debugger-agent=transport=dt_socket,embedding=1,server=y,suspend=n,address=127.0.0.1:56536
Begin MonoManager ReloadAssembly
Registering precompiled unity dll's ...
Register platform support module: C:/Program Files/Unity/Hub/Editor/2021.3.4f1/Editor/Data/PlaybackEngines/WebGLSupport/UnityEditor.WebGL.Extensions.dll
Register platform support module: C:/Program Files/Unity/Hub/Editor/2021.3.4f1/Editor/Data/PlaybackEngines/WindowsStandaloneSupport/UnityEditor.WindowsStandalone.Extensions.dll
Registered in 0.007773 seconds.
Native extension for WindowsStandalone target not found
Native extension for WebGL target not found
Refreshing native plugins compatible for Editor in 80.95 ms, found 4 plugins.
Preloading 0 native plugins for Editor in 0.00 ms.
Mono: successfully reloaded assembly
- Completed reload, in  0.563 seconds
Domain Reload Profiling:
	ReloadAssembly (564ms)
		BeginReloadAssembly (87ms)
			ExecutionOrderSort (0ms)
			DisableScriptedObjects (0ms)
			BackupInstance (0ms)
			ReleaseScriptingObjects (0ms)
			CreateAndSetChildDomain (1ms)
		EndReloadAssembly (379ms)
			LoadAssemblies (84ms)
			RebuildTransferFunctionScriptingTraits (0ms)
			SetupTypeCache (81ms)
			ReleaseScriptCaches (0ms)
			RebuildScriptCaches (22ms)
			SetupLoadedEditorAssemblies (232ms)
				LogAssemblyErrors (0ms)
				InitializePlatformSupportModulesInManaged (8ms)
				SetLoadedEditorAssemblies (0ms)
				RefreshPlugins (81ms)
				BeforeProcessingInitializeOnLoad (1ms)
				ProcessInitializeOnLoadAttributes (104ms)
				ProcessInitializeOnLoadMethodAttributes (37ms)
				AfterProcessingInitializeOnLoad (0ms)
				EditorAssembliesLoaded (0ms)
			ExecutionOrderSort2 (0ms)
			AwakeInstancesAfterBackupRestoration (0ms)
Platform modules already initialized, skipping
Registering precompiled user dll's ...
Registered in 0.007802 seconds.
Begin MonoManager ReloadAssembly
Symbol file LoadedFromMemory doesn't match image C:\Users\Dimbay\Unity Project\Delivery Madness\Library\PackageCache\com.unity.visualscripting@1.7.8\Editor\VisualScripting.Core\Dependencies\YamlDotNet\Unity.VisualScripting.YamlDotNet.dll
Symbol file LoadedFromMemory doesn't match image C:\Users\Dimbay\Unity Project\Delivery Madness\Library\PackageCache\com.unity.visualscripting@1.7.8\Editor\VisualScripting.Core\Dependencies\DotNetZip\Unity.VisualScripting.IonicZip.dll
Native extension for WindowsStandalone target not found
Native extension for WebGL target not found
Refreshing native plugins compatible for Editor in 90.05 ms, found 4 plugins.
Preloading 0 native plugins for Editor in 0.00 ms.
Mono: successfully reloaded assembly
- Completed reload, in  0.973 seconds
Domain Reload Profiling:
	ReloadAssembly (974ms)
		BeginReloadAssembly (96ms)
			ExecutionOrderSort (0ms)
			DisableScriptedObjects (5ms)
			BackupInstance (0ms)
			ReleaseScriptingObjects (0ms)
			CreateAndSetChildDomain (19ms)
		EndReloadAssembly (781ms)
			LoadAssemblies (71ms)
			RebuildTransferFunctionScriptingTraits (0ms)
			SetupTypeCache (185ms)
			ReleaseScriptCaches (1ms)
			RebuildScriptCaches (46ms)
			SetupLoadedEditorAssemblies (430ms)
				LogAssemblyErrors (0ms)
				InitializePlatformSupportModulesInManaged (6ms)
				SetLoadedEditorAssemblies (0ms)
				RefreshPlugins (90ms)
				BeforeProcessingInitializeOnLoad (89ms)
				ProcessInitializeOnLoadAttributes (197ms)
				ProcessInitializeOnLoadMethodAttributes (41ms)
				AfterProcessingInitializeOnLoad (7ms)
				EditorAssembliesLoaded (0ms)
			ExecutionOrderSort2 (0ms)
			AwakeInstancesAfterBackupRestoration (6ms)
Platform modules already initialized, skipping
========================================================================
Worker process is ready to serve import requests
Launched and connected shader compiler UnityShaderCompiler.exe after 0.05 seconds
Refreshing native plugins compatible for Editor in 1.46 ms, found 4 plugins.
Preloading 0 native plugins for Editor in 0.00 ms.
Unloading 4058 Unused Serialized files (Serialized files now loaded: 0)
Unloading 44 unused Assets / (222.8 KB). Loaded Objects now: 4507.
Memory consumption went from 150.9 MB to 150.7 MB.
Total: 3.758300 ms (FindLiveObjects: 0.439800 ms CreateObjectMapping: 0.125500 ms MarkObjects: 3.005900 ms  DeleteObjects: 0.186200 ms)

AssetImportParameters requested are different than current active one (requested -> active):
  custom:video-decoder-ogg-theora: a1e56fd34408186e4bbccfd4996cb3dc -> 
  custom:container-muxer-webm: aa71ff27fc2769a1b78a27578f13a17b -> 
  custom:container-demuxer-webm: 4f35f7cbe854078d1ac9338744f61a02 -> 
  custom:video-encoder-webm-vp8: eb34c28f22e8b96e1ab97ce403110664 -> 
  custom:video-codec-MediaFoundation-h265: 746d11721c4dcdbdad8f713fa42b33f4 -> 
  custom:audio-encoder-webm-vorbis: bf7c407c2cedff20999df2af8eb42d56 -> 
  custom:framework-win-MediaFoundation: 216162199b28c13a410421893ffa2e32 -> 
  custom:container-demuxer-ogg: 62fdf1f143b41e24485cea50d1cbac27 -> 
  custom:video-decoder-webm-vp8: 9c59270c3fd7afecdb556c50c9e8de78 -> 
  custom:audio-decoder-ogg-vorbis: bf7c407c2cedff20999df2af8eb42d56 -> 
========================================================================
Received Import Request.
  Time since last request: 85659.020709 seconds.
  path: Assets/Delivery Driver Assets/House 2.png
  artifactKey: Guid(70760739dc711eb4099131d0aae178fc) Importer(815301076,1909f56bfc062723c751e8b465ee728b)
Start importing Assets/Delivery Driver Assets/House 2.png using Guid(70760739dc711eb4099131d0aae178fc) Importer(815301076,1909f56bfc062723c751e8b465ee728b)  -> (artifact id: 'ff83476918164943c100b527df7e8566') in 0.099567 seconds 
========================================================================
Received Import Request.
  Time since last request: 39.683101 seconds.
  path: Assets/Delivery Driver Assets/House 2.png
  artifactKey: Guid(70760739dc711eb4099131d0aae178fc) Importer(815301076,1909f56bfc062723c751e8b465ee728b)
Start importing Assets/Delivery Driver Assets/House 2.png using Guid(70760739dc711eb4099131d0aae178fc) Importer(815301076,1909f56bfc062723c751e8b465ee728b)  -> (artifact id: 'e5dea408da8efb601f4da7ac568b328f') in 0.014787 seconds 
========================================================================
Received Import Request.
  Time since last request: 105.616909 seconds.
  path: Assets/Delivery Driver Assets/Corner 1.png
  artifactKey: Guid(32882bc8bdd34e04eaad526614a1c877) Importer(815301076,1909f56bfc062723c751e8b465ee728b)
Start importing Assets/Delivery Driver Assets/Corner 1.png using Guid(32882bc8bdd34e04eaad526614a1c877) Importer(815301076,1909f56bfc062723c751e8b465ee728b)  -> (artifact id: '4994680a728158cc5262b75875ad7e0f') in 0.153990 seconds 
========================================================================
Received Import Request.
  Time since last request: 0.000036 seconds.
  path: Assets/Delivery Driver Assets/Corner 4.png
  artifactKey: Guid(928ff1ad1b6e5fb48a09cc996b9a1040) Importer(815301076,1909f56bfc062723c751e8b465ee728b)
Start importing Assets/Delivery Driver Assets/Corner 4.png using Guid(928ff1ad1b6e5fb48a09cc996b9a1040) Importer(815301076,1909f56bfc062723c751e8b465ee728b)  -> (artifact id: 'e876b3e0e3ad9719a5e6f1870c973789') in 0.059414 seconds 
========================================================================
Received Import Request.
  Time since last request: 0.000045 seconds.
  path: Assets/Delivery Driver Assets/Corner 2.png
  artifactKey: Guid(c021ad709268ab34ebd8ddd43f80a60d) Importer(815301076,1909f56bfc062723c751e8b465ee728b)
Start importing Assets/Delivery Driver Assets/Corner 2.png using Guid(c021ad709268ab34ebd8ddd43f80a60d) Importer(815301076,1909f56bfc062723c751e8b465ee728b)  -> (artifact id: '83e9625d9f0c8818740287b177f4ecd2') in 0.048090 seconds 
========================================================================
Received Import Request.
  Time since last request: 0.000028 seconds.
  path: Assets/Delivery Driver Assets/Corner 3.png
  artifactKey: Guid(16d6f19a5ae232347bace8ffb3f94400) Importer(815301076,1909f56bfc062723c751e8b465ee728b)
Start importing Assets/Delivery Driver Assets/Corner 3.png using Guid(16d6f19a5ae232347bace8ffb3f94400) Importer(815301076,1909f56bfc062723c751e8b465ee728b)  -> (artifact id: '59a5d8f542887e2e460a35f211292933') in 0.027983 seconds 
========================================================================
Received Import Request.
  Time since last request: 0.000023 seconds.
  path: Assets/Delivery Driver Assets/Intersection 2.png
  artifactKey: Guid(9d4d1667dc5afae4c89b76db1d54b3b9) Importer(815301076,1909f56bfc062723c751e8b465ee728b)
Start importing Assets/Delivery Driver Assets/Intersection 2.png using Guid(9d4d1667dc5afae4c89b76db1d54b3b9) Importer(815301076,1909f56bfc062723c751e8b465ee728b)  -> (artifact id: '028e238da541b068866bda7f2ef7b3e8') in 0.186532 seconds 
========================================================================
Received Import Request.
  Time since last request: 0.000033 seconds.
  path: Assets/Delivery Driver Assets/Curve 1.png
  artifactKey: Guid(d858bbf57d8aedc4f89485720b179253) Importer(815301076,1909f56bfc062723c751e8b465ee728b)
Start importing Assets/Delivery Driver Assets/Curve 1.png using Guid(d858bbf57d8aedc4f89485720b179253) Importer(815301076,1909f56bfc062723c751e8b465ee728b)  -> (artifact id: '3153c2a064def1b6d6286232721e58d1') in 0.066194 seconds 
========================================================================
Received Import Request.
  Time since last request: 26.392668 seconds.
  path: Assets/Delivery Driver Assets/Corner 2.png
  artifactKey: Guid(c021ad709268ab34ebd8ddd43f80a60d) Importer(815301076,1909f56bfc062723c751e8b465ee728b)
Start importing Assets/Delivery Driver Assets/Corner 2.png using Guid(c021ad709268ab34ebd8ddd43f80a60d) Importer(815301076,1909f56bfc062723c751e8b465ee728b)  -> (artifact id: '22020dad5ef7c32586998754b07224ae') in 0.045431 seconds 
========================================================================
Received Import Request.
  Time since last request: 0.000022 seconds.
  path: Assets/Delivery Driver Assets/Corner 4.png
  artifactKey: Guid(928ff1ad1b6e5fb48a09cc996b9a1040) Importer(815301076,1909f56bfc062723c751e8b465ee728b)
Start importing Assets/Delivery Driver Assets/Corner 4.png using Guid(928ff1ad1b6e5fb48a09cc996b9a1040) Importer(815301076,1909f56bfc062723c751e8b465ee728b)  -> (artifact id: 'de3c7a9316b46ae9592480f644be4d87') in 0.052246 seconds 
========================================================================
Received Import Request.
  Time since last request: 0.000063 seconds.
  path: Assets/Delivery Driver Assets/Intersection 1.png
  artifactKey: Guid(8cb5af7ef9335fb49a76ad88ef08a95e) Importer(815301076,1909f56bfc062723c751e8b465ee728b)
Start importing Assets/Delivery Driver Assets/Intersection 1.png using Guid(8cb5af7ef9335fb49a76ad88ef08a95e) Importer(815301076,1909f56bfc062723c751e8b465ee728b)  -> (artifact id: '5c916dc467f58efe43faa9c41620468b') in 0.119958 seconds 
========================================================================
Received Import Request.
  Time since last request: 0.000036 seconds.
  path: Assets/Delivery Driver Assets/Curve 2.png
  artifactKey: Guid(8e2f77ddd9a564448ac96561decfd9ae) Importer(815301076,1909f56bfc062723c751e8b465ee728b)
Start importing Assets/Delivery Driver Assets/Curve 2.png using Guid(8e2f77ddd9a564448ac96561decfd9ae) Importer(815301076,1909f56bfc062723c751e8b465ee728b)  -> (artifact id: '8a6a2302dcb8f460532232c61262678d') in 0.086725 seconds 
========================================================================
Received Import Request.
  Time since last request: 74.243160 seconds.
  path: Assets/Delivery Driver Assets/House 1.png
  artifactKey: Guid(c37d4cf6d1cb7b641bef03404bcb937b) Importer(815301076,1909f56bfc062723c751e8b465ee728b)
Start importing Assets/Delivery Driver Assets/House 1.png using Guid(c37d4cf6d1cb7b641bef03404bcb937b) Importer(815301076,1909f56bfc062723c751e8b465ee728b)  -> (artifact id: '59036f5d1f7393807a1dc41edef99be4') in 0.018173 seconds 
========================================================================
Received Import Request.
  Time since last request: 0.000027 seconds.
  path: Assets/Delivery Driver Assets/House 3.png
  artifactKey: Guid(556245770e9ea3243b88ca14aa2e41fa) Importer(815301076,1909f56bfc062723c751e8b465ee728b)
Start importing Assets/Delivery Driver Assets/House 3.png using Guid(556245770e9ea3243b88ca14aa2e41fa) Importer(815301076,1909f56bfc062723c751e8b465ee728b)  -> (artifact id: 'ee35ad5e6e351579715f4911a90afac5') in 0.026720 seconds 
========================================================================
Received Import Request.
  Time since last request: 38.545192 seconds.
  path: Assets/Delivery Driver Assets/Intersection 1.png
  artifactKey: Guid(8cb5af7ef9335fb49a76ad88ef08a95e) Importer(815301076,1909f56bfc062723c751e8b465ee728b)
Start importing Assets/Delivery Driver Assets/Intersection 1.png using Guid(8cb5af7ef9335fb49a76ad88ef08a95e) Importer(815301076,1909f56bfc062723c751e8b465ee728b)  -> (artifact id: 'bca8a86343df2b9f0499189caed24e96') in 0.119294 seconds 
========================================================================
Received Import Request.
  Time since last request: 0.000030 seconds.
  path: Assets/Delivery Driver Assets/Corner 4.png
  artifactKey: Guid(928ff1ad1b6e5fb48a09cc996b9a1040) Importer(815301076,1909f56bfc062723c751e8b465ee728b)
Start importing Assets/Delivery Driver Assets/Corner 4.png using Guid(928ff1ad1b6e5fb48a09cc996b9a1040) Importer(815301076,1909f56bfc062723c751e8b465ee728b)  -> (artifact id: 'adc2cbbda911f01261e544a6fa26922a') in 0.050112 seconds 
========================================================================
Received Import Request.
  Time since last request: 0.000051 seconds.
  path: Assets/Delivery Driver Assets/Corner 2.png
  artifactKey: Guid(c021ad709268ab34ebd8ddd43f80a60d) Importer(815301076,1909f56bfc062723c751e8b465ee728b)
Start importing Assets/Delivery Driver Assets/Corner 2.png using Guid(c021ad709268ab34ebd8ddd43f80a60d) Importer(815301076,1909f56bfc062723c751e8b465ee728b)  -> (artifact id: '4d3fcf90e0d8512260eecf2f07b5cf71') in 0.041891 seconds 
========================================================================
Received Import Request.
  Time since last request: 0.000024 seconds.
  path: Assets/Delivery Driver Assets/Intersection 2.png
  artifactKey: Guid(9d4d1667dc5afae4c89b76db1d54b3b9) Importer(815301076,1909f56bfc062723c751e8b465ee728b)
Start importing Assets/Delivery Driver Assets/Intersection 2.png using Guid(9d4d1667dc5afae4c89b76db1d54b3b9) Importer(815301076,1909f56bfc062723c751e8b465ee728b)  -> (artifact id: '65bd1e091f76ff258f85cd91dceb169d') in 0.157205 seconds 
========================================================================
Received Import Request.
  Time since last request: 0.000043 seconds.
  path: Assets/Delivery Driver Assets/Curve 2.png
  artifactKey: Guid(8e2f77ddd9a564448ac96561decfd9ae) Importer(815301076,1909f56bfc062723c751e8b465ee728b)
Start importing Assets/Delivery Driver Assets/Curve 2.png using Guid(8e2f77ddd9a564448ac96561decfd9ae) Importer(815301076,1909f56bfc062723c751e8b465ee728b)  -> (artifact id: '3803a9a21a07f9a73e827474051c2115') in 0.077210 seconds 
Editor requested this worker to shutdown with reason: Scaling down because of idle timeout
AssetImportWorker is now disconnected from the server
Process exiting
Exiting without the bug reporter. Application will terminate with return code 0